  ComputerVision.cpp
D:\Studium\Masterarbeit\Prototypes\ar-portal\C++Sources\Windows\ComputerVision\ComputerVision\ComputerVision.cpp(50,31): warning C4244: '=': conversion from '_Tp' to 'float', possible loss of data
          with
          [
              _Tp=int
          ]
D:\Studium\Masterarbeit\Prototypes\ar-portal\C++Sources\Windows\ComputerVision\ComputerVision\ComputerVision.cpp(51,31): warning C4244: '=': conversion from '_Tp' to 'float', possible loss of data
          with
          [
              _Tp=int
          ]
D:\Studium\Masterarbeit\Prototypes\ar-portal\C++Sources\Windows\ComputerVision\ComputerVision\ComputerVision.cpp(52,31): warning C4244: '=': conversion from '_Tp' to 'float', possible loss of data
          with
          [
              _Tp=int
          ]
D:\Studium\Masterarbeit\Prototypes\ar-portal\C++Sources\Windows\ComputerVision\ComputerVision\ComputerVision.cpp(53,31): warning C4244: '=': conversion from '_Tp' to 'float', possible loss of data
          with
          [
              _Tp=int
          ]
D:\Studium\Masterarbeit\Prototypes\ar-portal\C++Sources\Windows\ComputerVision\ComputerVision\ComputerVision.cpp(54,31): warning C4244: '=': conversion from '_Tp' to 'float', possible loss of data
          with
          [
              _Tp=int
          ]
D:\Studium\Masterarbeit\Prototypes\ar-portal\C++Sources\Windows\ComputerVision\ComputerVision\ComputerVision.cpp(55,31): warning C4244: '=': conversion from '_Tp' to 'float', possible loss of data
          with
          [
              _Tp=int
          ]
D:\Studium\Masterarbeit\Prototypes\ar-portal\C++Sources\Windows\ComputerVision\ComputerVision\ComputerVision.cpp(56,31): warning C4244: '=': conversion from '_Tp' to 'float', possible loss of data
          with
          [
              _Tp=int
          ]
D:\Studium\Masterarbeit\Prototypes\ar-portal\C++Sources\Windows\ComputerVision\ComputerVision\ComputerVision.cpp(57,31): warning C4244: '=': conversion from '_Tp' to 'float', possible loss of data
          with
          [
              _Tp=int
          ]
     Creating library D:\Studium\Masterarbeit\Prototypes\ar-portal\C++Sources\Windows\ComputerVision\x64\Release\ComputerVision.lib and object D:\Studium\Masterarbeit\Prototypes\ar-portal\C++Sources\Windows\ComputerVision\x64\Release\ComputerVision.exp
  Generating code
  254 of 258 functions (98.4%) were compiled, the rest were copied from previous compilation.
    18 functions were new in current compilation
    1 functions had inline decision re-evaluated but remain unchanged
  Finished generating code
  ComputerVision.vcxproj -> D:\Studium\Masterarbeit\Prototypes\ar-portal\C++Sources\Windows\ComputerVision\x64\Release\ComputerVision.dll
